<?xml version="1.0" encoding="UTF-8"?>
<!-- Generated by org.testng.reporters.JUnitXMLReporter -->
<testsuite hostname="EPINHYDW0968" ignored="0" name="Register" tests="4" failures="3" timestamp="18 Jul 2019 10:35:35 GMT" time="9.725" errors="0">
  <testcase name="launchTestAutomation" time="7.057" classname="epam.com.automationPractice.BaseTestClass"/>
  <testcase name="chooseSignIn" time="0.004" classname="epam.com.automationPractice.RegisterUserFactoryPattern">
    <failure type="java.lang.NullPointerException">
      <![CDATA[java.lang.NullPointerException
at epam.com.automationPractice.pages.HomePage.clickSignIn(HomePage.java:14)
at epam.com.automationPractice.RegisterUserFactoryPattern.chooseSignIn(RegisterUserFactoryPattern.java:30)
... Removed 25 stack frames]]>
    </failure>
  </testcase> <!-- chooseSignIn -->
  <testcase name="createAnAccount" time="0.001" classname="epam.com.automationPractice.RegisterUserFactoryPattern">
    <failure type="java.lang.NullPointerException">
      <![CDATA[java.lang.NullPointerException
at epam.com.automationPractice.pages.AuthenticationPage.createAccount(AuthenticationPage.java:15)
at epam.com.automationPractice.RegisterUserFactoryPattern.createAnAccount(RegisterUserFactoryPattern.java:36)
... Removed 25 stack frames]]>
    </failure>
  </testcase> <!-- createAnAccount -->
  <testcase name="persnalInformation" time="0.004" classname="epam.com.automationPractice.RegisterUserFactoryPattern">
    <failure type="java.lang.NullPointerException">
      <![CDATA[java.lang.NullPointerException
at com.google.common.base.Preconditions.checkNotNull(Preconditions.java:882)
at org.openqa.selenium.support.ui.FluentWait.<init>(FluentWait.java:96)
at org.openqa.selenium.support.ui.WebDriverWait.<init>(WebDriverWait.java:72)
at org.openqa.selenium.support.ui.WebDriverWait.<init>(WebDriverWait.java:46)
at epam.com.automationPractice.pages.PersnalInfoPage.persnalInformation(PersnalInfoPage.java:21)
at epam.com.automationPractice.RegisterUserFactoryPattern.persnalInformation(RegisterUserFactoryPattern.java:43)
... Removed 25 stack frames]]>
    </failure>
  </testcase> <!-- persnalInformation -->
</testsuite> <!-- Register -->
